<?xml version="1.0" encoding="UTF-8"?>
<!-- This is an unmanaged datasource. It should be used for proofs of concept 
	or testing only. It uses H2, an in memory database that ships with JBoss 
	AS. -->
<datasources xmlns="http://www.jboss.org/ironjacamar/schema"
	xmlns:xsi="http://www.w3.org/2001/XMLSchema-instance"
	xsi:schemaLocation="http://www.jboss.org/ironjacamar/schema http://docs.jboss.org/ironjacamar/schema/datasources_1_0.xsd">
	<!-- The datasource is bound into JNDI at this location. We reference this 
		in META-INF/test-persistence.xml -->
	<datasource jndi-name="java:jboss/datasources/F1DS"
		pool-name="F1DS_pool" enabled="true" use-java-context="true">
		<connection-url>jdbc:h2:mem:f1-javaee;INIT=create schema if not exists f1;DB_CLOSE_DELAY=-1</connection-url>
		<driver>h2</driver>
		<security>
			<user-name>sa</user-name>
			<password>sa</password>
		</security>
	</datasource>
	<drivers>
		<driver name="h2" module="com.h2database.h2">
			<xa-datasource-class>org.h2.jdbcx.JdbcDataSource</xa-datasource-class>
		</driver>
	</drivers>
</datasources>